<?xml version="1.0" encoding="UTF-8"?>
<!-- Generated by org.testng.reporters.JUnitXMLReporter -->
<testsuite ignored="0" hostname="DESKTOP-8KP40EG" failures="1" tests="1" name="Test" time="17.097" errors="0" timestamp="2024-01-10T15:34:46 IST">
  <testcase classname="com.mystore.testcases.TC_MyAccountPageTest001" name="verifyRegistrationandLogin" time="10.469">
    <failure type="java.lang.AssertionError" message="expected [Hrithik Roshan] but found [hrithik roshan]">
      <![CDATA[java.lang.AssertionError: expected [Hrithik Roshan] but found [hrithik roshan]
at com.mystore.testcases.TC_MyAccountPageTest001.verifyRegistrationandLogin(TC_MyAccountPageTest001.java:57)
at java.base/java.util.ArrayList.forEach(ArrayList.java:1511)
... Removed 33 stack frames]]>
    </failure>
  </testcase> <!-- verifyRegistrationandLogin -->
</testsuite> <!-- Test -->
